<?xml version="1.0" encoding="UTF-8"?>
<!-- Generated by org.testng.reporters.JUnitReportReporter -->
<testsuite hostname="DESKTOP-5QPL10C" failures="0" tests="1" name="jerkins.Class6" time="12.500" errors="0" timestamp="2023-12-27T16:57:52 IST" skipped="0">
  <testcase classname="jerkins.Class6" name="verifyLogin" time="12.500"/>
  <system-out/>
</testsuite> <!-- jerkins.Class6 -->
